{"/mnt/sdb/nodes/mobx-react-router/src/index.ts": {"path":"/mnt/sdb/nodes/mobx-react-router/src/index.ts","statementMap":{},"fnMap":{},"branchMap":{},"s":{},"f":{},"b":{},"_coverageSchema":"1a1c01bbd47fc00a2c39e90264f33305004495a9","hash":"a7f33a5aba0b104cb746ae28d8553ab6963e307e"}
,"/mnt/sdb/nodes/mobx-react-router/src/store.ts": {"path":"/mnt/sdb/nodes/mobx-react-router/src/store.ts","statementMap":{"0":{"start":{"line":12,"column":32},"end":{"line":21,"column":3}},"1":{"start":{"line":23,"column":37},"end":{"line":29,"column":3}},"2":{"start":{"line":32,"column":4},"end":{"line":34,"column":6}},"3":{"start":{"line":37,"column":23},"end":{"line":40,"column":4}},"4":{"start":{"line":38,"column":4},"end":{"line":38,"column":25}},"5":{"start":{"line":39,"column":4},"end":{"line":39,"column":37}}},"fnMap":{"0":{"name":"(anonymous_0)","decl":{"start":{"line":31,"column":2},"end":{"line":31,"column":3}},"loc":{"start":{"line":31,"column":16},"end":{"line":35,"column":3}},"line":31},"1":{"name":"(anonymous_1)","decl":{"start":{"line":37,"column":30},"end":{"line":37,"column":31}},"loc":{"start":{"line":37,"column":59},"end":{"line":40,"column":3}},"line":37}},"branchMap":{},"s":{"0":1,"1":1,"2":1,"3":1,"4":1,"5":1},"f":{"0":1,"1":1},"b":{},"_coverageSchema":"1a1c01bbd47fc00a2c39e90264f33305004495a9","hash":"8c9bb9547cf4f5fb6d0d5313591d719e110a1407"}
,"/mnt/sdb/nodes/mobx-react-router/src/sync.ts": {"path":"/mnt/sdb/nodes/mobx-react-router/src/sync.ts","statementMap":{"0":{"start":{"line":8,"column":36},"end":{"line":44,"column":1}},"1":{"start":{"line":10,"column":2},"end":{"line":10,"column":48}},"2":{"start":{"line":11,"column":2},"end":{"line":11,"column":41}},"3":{"start":{"line":12,"column":2},"end":{"line":12,"column":47}},"4":{"start":{"line":13,"column":2},"end":{"line":13,"column":37}},"5":{"start":{"line":14,"column":2},"end":{"line":14,"column":41}},"6":{"start":{"line":15,"column":2},"end":{"line":15,"column":47}},"7":{"start":{"line":18,"column":31},"end":{"line":20,"column":3}},"8":{"start":{"line":19,"column":4},"end":{"line":19,"column":29}},"9":{"start":{"line":22,"column":33},"end":{"line":22,"column":69}},"10":{"start":{"line":23,"column":2},"end":{"line":26,"column":4}},"11":{"start":{"line":28,"column":54},"end":{"line":38,"column":3}},"12":{"start":{"line":30,"column":33},"end":{"line":33,"column":6}},"13":{"start":{"line":31,"column":20},"end":{"line":31,"column":45}},"14":{"start":{"line":32,"column":6},"end":{"line":32,"column":21}},"15":{"start":{"line":35,"column":4},"end":{"line":35,"column":25}},"16":{"start":{"line":37,"column":4},"end":{"line":37,"column":31}},"17":{"start":{"line":40,"column":2},"end":{"line":40,"column":29}},"18":{"start":{"line":41,"column":2},"end":{"line":41,"column":52}},"19":{"start":{"line":43,"column":2},"end":{"line":43,"column":22}}},"fnMap":{"0":{"name":"(anonymous_0)","decl":{"start":{"line":8,"column":36},"end":{"line":8,"column":37}},"loc":{"start":{"line":8,"column":78},"end":{"line":44,"column":1}},"line":8},"1":{"name":"(anonymous_1)","decl":{"start":{"line":18,"column":31},"end":{"line":18,"column":32}},"loc":{"start":{"line":18,"column":58},"end":{"line":20,"column":3}},"line":18},"2":{"name":"(anonymous_2)","decl":{"start":{"line":28,"column":54},"end":{"line":28,"column":55}},"loc":{"start":{"line":28,"column":66},"end":{"line":38,"column":3}},"line":28},"3":{"name":"(anonymous_3)","decl":{"start":{"line":30,"column":57},"end":{"line":30,"column":58}},"loc":{"start":{"line":30,"column":75},"end":{"line":33,"column":5}},"line":30}},"branchMap":{},"s":{"0":1,"1":1,"2":1,"3":1,"4":1,"5":1,"6":1,"7":1,"8":1,"9":1,"10":1,"11":1,"12":0,"13":0,"14":0,"15":0,"16":0,"17":1,"18":1,"19":1},"f":{"0":1,"1":1,"2":0,"3":0},"b":{},"_coverageSchema":"1a1c01bbd47fc00a2c39e90264f33305004495a9","hash":"501a87549e2b62db47f419bcffdd326f3d76a414"}
,"/mnt/sdb/nodes/mobx-react-router/src/type.ts": {"path":"/mnt/sdb/nodes/mobx-react-router/src/type.ts","statementMap":{},"fnMap":{},"branchMap":{},"s":{},"f":{},"b":{},"_coverageSchema":"1a1c01bbd47fc00a2c39e90264f33305004495a9","hash":"2b6c66f304fa8ccf28298f5a78f4df6d9cdbce33"}
}
