{"/home/wangfan/projects/mobx-react-router/src/index.ts": {"path":"/home/wangfan/projects/mobx-react-router/src/index.ts","statementMap":{},"fnMap":{},"branchMap":{},"s":{},"f":{},"b":{},"_coverageSchema":"1a1c01bbd47fc00a2c39e90264f33305004495a9","hash":"2a9926e307d399f0af9ebb724c2fda1db6c26786"}
,"/home/wangfan/projects/mobx-react-router/src/store.ts": {"path":"/home/wangfan/projects/mobx-react-router/src/store.ts","statementMap":{"0":{"start":{"line":10,"column":32},"end":{"line":19,"column":3}},"1":{"start":{"line":22,"column":4},"end":{"line":22,"column":30}},"2":{"start":{"line":26,"column":4},"end":{"line":26,"column":26}},"3":{"start":{"line":27,"column":4},"end":{"line":27,"column":42}},"4":{"start":{"line":28,"column":4},"end":{"line":28,"column":48}},"5":{"start":{"line":29,"column":4},"end":{"line":29,"column":38}},"6":{"start":{"line":30,"column":4},"end":{"line":30,"column":42}},"7":{"start":{"line":31,"column":4},"end":{"line":31,"column":48}},"8":{"start":{"line":32,"column":4},"end":{"line":35,"column":6}},"9":{"start":{"line":41,"column":4},"end":{"line":54,"column":5}},"10":{"start":{"line":42,"column":23},"end":{"line":42,"column":47}},"11":{"start":{"line":43,"column":6},"end":{"line":43,"column":27}},"12":{"start":{"line":45,"column":6},"end":{"line":48,"column":8}},"13":{"start":{"line":50,"column":6},"end":{"line":53,"column":7}},"14":{"start":{"line":51,"column":8},"end":{"line":51,"column":31}},"15":{"start":{"line":52,"column":8},"end":{"line":52,"column":18}},"16":{"start":{"line":56,"column":4},"end":{"line":56,"column":79}},"17":{"start":{"line":56,"column":55},"end":{"line":56,"column":78}},"18":{"start":{"line":59,"column":23},"end":{"line":64,"column":4}},"19":{"start":{"line":60,"column":4},"end":{"line":63,"column":5}}},"fnMap":{"0":{"name":"(anonymous_0)","decl":{"start":{"line":21,"column":2},"end":{"line":21,"column":3}},"loc":{"start":{"line":21,"column":24},"end":{"line":23,"column":3}},"line":21},"1":{"name":"(anonymous_1)","decl":{"start":{"line":25,"column":2},"end":{"line":25,"column":3}},"loc":{"start":{"line":25,"column":32},"end":{"line":57,"column":3}},"line":25},"2":{"name":"(anonymous_2)","decl":{"start":{"line":41,"column":21},"end":{"line":41,"column":22}},"loc":{"start":{"line":41,"column":33},"end":{"line":54,"column":5}},"line":41},"3":{"name":"(anonymous_3)","decl":{"start":{"line":50,"column":13},"end":{"line":50,"column":14}},"loc":{"start":{"line":50,"column":19},"end":{"line":53,"column":7}},"line":50},"4":{"name":"(anonymous_4)","decl":{"start":{"line":56,"column":46},"end":{"line":56,"column":47}},"loc":{"start":{"line":56,"column":55},"end":{"line":56,"column":78}},"line":56},"5":{"name":"(anonymous_5)","decl":{"start":{"line":59,"column":30},"end":{"line":59,"column":31}},"loc":{"start":{"line":59,"column":59},"end":{"line":64,"column":3}},"line":59}},"branchMap":{},"s":{"0":4,"1":8,"2":4,"3":4,"4":4,"5":4,"6":4,"7":4,"8":4,"9":4,"10":5,"11":5,"12":5,"13":5,"14":2,"15":2,"16":4,"17":11,"18":4,"19":11},"f":{"0":8,"1":4,"2":5,"3":2,"4":11,"5":11},"b":{},"_coverageSchema":"1a1c01bbd47fc00a2c39e90264f33305004495a9","hash":"f17a20fb7f4c0be30add3b0597eda68d647287c9"}
,"/home/wangfan/projects/mobx-react-router/src/sync.ts": {"path":"/home/wangfan/projects/mobx-react-router/src/sync.ts","statementMap":{},"fnMap":{},"branchMap":{},"s":{},"f":{},"b":{},"_coverageSchema":"1a1c01bbd47fc00a2c39e90264f33305004495a9","hash":"8a430eeb8f4b13e101b9632f68026f7b15453edf"}
}
