TN:
SF:src/index.ts
FNF:0
FNH:0
LF:0
LH:0
BRF:0
BRH:0
end_of_record
TN:
SF:src/store.ts
FN:21,(anonymous_0)
FN:25,(anonymous_1)
FN:41,(anonymous_2)
FN:50,(anonymous_3)
FN:56,(anonymous_4)
FN:59,(anonymous_5)
FNF:6
FNH:6
FNDA:8,(anonymous_0)
FNDA:4,(anonymous_1)
FNDA:5,(anonymous_2)
FNDA:2,(anonymous_3)
FNDA:11,(anonymous_4)
FNDA:11,(anonymous_5)
DA:10,4
DA:22,8
DA:26,4
DA:27,4
DA:28,4
DA:29,4
DA:30,4
DA:31,4
DA:32,4
DA:41,4
DA:42,5
DA:43,5
DA:45,5
DA:50,5
DA:51,2
DA:52,2
DA:56,11
DA:59,4
DA:60,11
LF:19
LH:19
BRF:0
BRH:0
end_of_record
TN:
SF:src/sync.ts
FNF:0
FNH:0
LF:0
LH:0
BRF:0
BRH:0
end_of_record
