TN:
SF:src/index.ts
FNF:0
FNH:0
LF:0
LH:0
BRF:0
BRH:0
end_of_record
TN:
SF:src/store.ts
FN:31,(anonymous_0)
FN:37,(anonymous_1)
FNF:2
FNH:2
FNDA:1,(anonymous_0)
FNDA:1,(anonymous_1)
DA:12,1
DA:23,1
DA:32,1
DA:37,1
DA:38,1
DA:39,1
LF:6
LH:6
BRF:0
BRH:0
end_of_record
TN:
SF:src/sync.ts
FN:8,(anonymous_0)
FN:18,(anonymous_1)
FN:28,(anonymous_2)
FN:30,(anonymous_3)
FNF:4
FNH:2
FNDA:1,(anonymous_0)
FNDA:1,(anonymous_1)
FNDA:0,(anonymous_2)
FNDA:0,(anonymous_3)
DA:8,1
DA:10,1
DA:11,1
DA:12,1
DA:13,1
DA:14,1
DA:15,1
DA:18,1
DA:19,1
DA:22,1
DA:23,1
DA:28,1
DA:30,0
DA:31,0
DA:32,0
DA:35,0
DA:37,0
DA:40,1
DA:41,1
DA:43,1
LF:20
LH:15
BRF:0
BRH:0
end_of_record
TN:
SF:src/type.ts
FNF:0
FNH:0
LF:0
LH:0
BRF:0
BRH:0
end_of_record
